2024-11-17 14:53:39,362 [1] WARN  AElfChain.Common.Managers.NodeManager - Url:127.0.0.1:8000 is not connected!
2024-11-17 15:01:21,181 [1] INFO  AElfChain.Common.Managers.NodeManager - Url:https://tdvw-test-node.aelf.io/ is connected!
2024-11-17 15:01:21,317 [1] INFO  AElfChain.Common.Managers.AccountManager - Account 'MZkyz9XWb57TY9J9HsXSr5PbK72kBvJAsrasSMnhPv7hXSzkf' successfully unlocked!
2024-11-17 15:01:22,502 [1] INFO  AElfChain.Common.Contracts.GenesisContract - Token contract address: ASh2Wt7nSEmYqnGxPPzp4pnVDU4uhj1XW9Se5VeZcX2UDdyjx
2024-11-17 15:01:22,906 [1] INFO  AElfChain.Common.Contracts.GenesisContract - Consensus contract address: 2KPUA5wG78nnNmK9JsRWbFiEFUEfei9WKniZuKaVziDKZRwchM
2024-11-17 15:01:23,420 [1] INFO  AElfChain.Common.Contracts.GenesisContract - Parliament contract address: vcv1qewcsFN2tVWqLuu7DJ5wVFA8YEx5FFgCQBb1jMCbAQHxV
2024-11-17 15:01:23,472 [1] INFO  AElf.Deploy.Cli.Program - ======== AddWhiteList ========
2024-11-17 15:01:24,037 [1] INFO  AElf.Deploy.Cli.Program - { "proposers": [ "V6LuP6FXKPoXqR5V9X2XuufZ8wSwKu4kNJbxY8i9JJ4NDPxib", "2UKQnHcQvhBT6X6ULtfnuh3b9PVRvVMEroHHkcK4YfcoH1Z1x2" ] }
2024-11-17 15:01:24,118 [1] INFO  AElf.Deploy.Cli.Program - ======== Genesis contract is in ProposalWhiteList ========
2024-11-17 15:01:24,119 [1] INFO  AElf.Deploy.Cli.Program - ======== WithoutApproval ========
2024-11-17 15:01:26,183 [1] INFO  AElfChain.Common.Contracts.GenesisContract - Transaction method: DeployUserSmartContract, TxId: 3653bd76c748b03c4914afd617e6aa4c341868a0f2b4ee5a9dae48d7be6f6b55
2024-11-17 15:01:28,656 [1] INFO  AElfChain.Common.Managers.NodeManager - Transaction 3653bd76c748b03c4914afd617e6aa4c341868a0f2b4ee5a9dae48d7be6f6b55 Method:DeployUserSmartContract, Status: Mined-[Fee=0]
2024-11-17 15:01:29,660 [1] INFO  AElf.Deploy.Cli.Program - Code hash: e70fdaf1eed294e76d5ceda62eaf37e692894814135fc036291b7e9c4972204b
 ProposalInput: ebc2e5671ef2e838b03f3425c6ebf8cee3bf7bb94c888e1337f5776343cae0ea
 Proposal Id: 0fcc1e3edfc183c136484b330453c6d6a67f20a0c2866f81ba5f6f2b930ad9f8
2024-11-17 15:01:32,742 [1] INFO  AElf.Deploy.Cli.Program - ======== Check Proposal Info ========
2024-11-17 15:01:56,702 [1] INFO  AElf.Deploy.Cli.Program - Check height: 149510129 - 149510172
2024-11-17 15:02:41,856 [1] INFO  AElf.Deploy.Cli.Program - Release Transaction: fb609da9db5e7343218169e55ae5f19b4949ecce9c1ca84fdfd4022f5c1a5c55
2024-11-17 15:02:41,858 [1] INFO  AElf.Deploy.Cli.Program - Author: "MZkyz9XWb57TY9J9HsXSr5PbK72kBvJAsrasSMnhPv7hXSzkf"
2024-11-17 15:02:41,858 [1] INFO  AElf.Deploy.Cli.Program - Code hash: e70fdaf1eed294e76d5ceda62eaf37e692894814135fc036291b7e9c4972204b
2024-11-17 15:02:41,858 [1] INFO  AElf.Deploy.Cli.Program - Address: "2u2sAm2QNNtMpwaT4PHrnaYC9YFfMeZcMR6Pztdkj4GJVrfxJx"
Version: 1
ContractVersion: 1.0.0.0
Height: 149510151
2024-11-17 15:02:42,377 [1] INFO  AElf.Deploy.Cli.Program - Deploy Contract Info: { "serialNumber": "2587", "author": "MZkyz9XWb57TY9J9HsXSr5PbK72kBvJAsrasSMnhPv7hXSzkf", "codeHash": "e70fdaf1eed294e76d5ceda62eaf37e692894814135fc036291b7e9c4972204b", "version": 1, "contractVersion": "1.0.0.0", "isUserContract": true, "deployer": "MZkyz9XWb57TY9J9HsXSr5PbK72kBvJAsrasSMnhPv7hXSzkf" }
